{"/Users/dcyari/GildedRose-Refactoring-Kata/js-jest/src/gilded_rose.js": {"path":"/Users/dcyari/GildedRose-Refactoring-Kata/js-jest/src/gilded_rose.js","statementMap":{"0":{"start":{"line":3,"column":4},"end":{"line":3,"column":21}},"1":{"start":{"line":4,"column":4},"end":{"line":4,"column":25}},"2":{"start":{"line":5,"column":4},"end":{"line":5,"column":27}},"3":{"start":{"line":10,"column":18},"end":{"line":14,"column":1}},"4":{"start":{"line":18,"column":2},"end":{"line":20,"column":3}},"5":{"start":{"line":19,"column":4},"end":{"line":19,"column":36}},"6":{"start":{"line":21,"column":2},"end":{"line":21,"column":32}},"7":{"start":{"line":22,"column":2},"end":{"line":24,"column":3}},"8":{"start":{"line":23,"column":4},"end":{"line":23,"column":36}},"9":{"start":{"line":28,"column":2},"end":{"line":36,"column":5}},"10":{"start":{"line":29,"column":4},"end":{"line":29,"column":36}},"11":{"start":{"line":30,"column":6},"end":{"line":32,"column":7}},"12":{"start":{"line":31,"column":8},"end":{"line":31,"column":40}},"13":{"start":{"line":33,"column":6},"end":{"line":35,"column":7}},"14":{"start":{"line":34,"column":8},"end":{"line":34,"column":40}},"15":{"start":{"line":37,"column":4},"end":{"line":37,"column":34}},"16":{"start":{"line":38,"column":2},"end":{"line":40,"column":3}},"17":{"start":{"line":39,"column":4},"end":{"line":39,"column":47}},"18":{"start":{"line":48,"column":2},"end":{"line":50,"column":3}},"19":{"start":{"line":49,"column":4},"end":{"line":49,"column":36}},"20":{"start":{"line":51,"column":2},"end":{"line":51,"column":32}},"21":{"start":{"line":52,"column":2},"end":{"line":54,"column":3}},"22":{"start":{"line":53,"column":4},"end":{"line":53,"column":36}},"23":{"start":{"line":61,"column":4},"end":{"line":61,"column":23}},"24":{"start":{"line":64,"column":4},"end":{"line":81,"column":3}},"25":{"start":{"line":66,"column":6},"end":{"line":79,"column":7}},"26":{"start":{"line":68,"column":10},"end":{"line":68,"column":27}},"27":{"start":{"line":69,"column":10},"end":{"line":69,"column":19}},"28":{"start":{"line":71,"column":10},"end":{"line":71,"column":27}},"29":{"start":{"line":72,"column":10},"end":{"line":72,"column":19}},"30":{"start":{"line":74,"column":10},"end":{"line":74,"column":27}},"31":{"start":{"line":75,"column":10},"end":{"line":75,"column":19}},"32":{"start":{"line":77,"column":10},"end":{"line":77,"column":29}},"33":{"start":{"line":78,"column":10},"end":{"line":78,"column":19}},"34":{"start":{"line":82,"column":0},"end":{"line":82,"column":17}},"35":{"start":{"line":87,"column":0},"end":{"line":90,"column":1}}},"fnMap":{"0":{"name":"(anonymous_0)","decl":{"start":{"line":2,"column":2},"end":{"line":2,"column":3}},"loc":{"start":{"line":2,"column":36},"end":{"line":6,"column":3}},"line":2},"1":{"name":"updateBrie","decl":{"start":{"line":17,"column":9},"end":{"line":17,"column":19}},"loc":{"start":{"line":17,"column":26},"end":{"line":25,"column":1}},"line":17},"2":{"name":"updatePass","decl":{"start":{"line":27,"column":9},"end":{"line":27,"column":19}},"loc":{"start":{"line":27,"column":26},"end":{"line":41,"column":1}},"line":27},"3":{"name":"updateHand","decl":{"start":{"line":43,"column":9},"end":{"line":43,"column":19}},"loc":{"start":{"line":43,"column":26},"end":{"line":44,"column":1}},"line":43},"4":{"name":"updateNormal","decl":{"start":{"line":47,"column":9},"end":{"line":47,"column":21}},"loc":{"start":{"line":47,"column":28},"end":{"line":55,"column":1}},"line":47},"5":{"name":"(anonymous_5)","decl":{"start":{"line":60,"column":2},"end":{"line":60,"column":3}},"loc":{"start":{"line":60,"column":23},"end":{"line":62,"column":3}},"line":60},"6":{"name":"(anonymous_6)","decl":{"start":{"line":63,"column":2},"end":{"line":63,"column":3}},"loc":{"start":{"line":63,"column":18},"end":{"line":84,"column":1}},"line":63}},"branchMap":{"0":{"loc":{"start":{"line":18,"column":2},"end":{"line":20,"column":3}},"type":"if","locations":[{"start":{"line":18,"column":2},"end":{"line":20,"column":3}},{"start":{"line":18,"column":2},"end":{"line":20,"column":3}}],"line":18},"1":{"loc":{"start":{"line":22,"column":2},"end":{"line":24,"column":3}},"type":"if","locations":[{"start":{"line":22,"column":2},"end":{"line":24,"column":3}},{"start":{"line":22,"column":2},"end":{"line":24,"column":3}}],"line":22},"2":{"loc":{"start":{"line":22,"column":6},"end":{"line":22,"column":42}},"type":"binary-expr","locations":[{"start":{"line":22,"column":6},"end":{"line":22,"column":21}},{"start":{"line":22,"column":25},"end":{"line":22,"column":42}}],"line":22},"3":{"loc":{"start":{"line":28,"column":2},"end":{"line":36,"column":5}},"type":"if","locations":[{"start":{"line":28,"column":2},"end":{"line":36,"column":5}},{"start":{"line":28,"column":2},"end":{"line":36,"column":5}}],"line":28},"4":{"loc":{"start":{"line":30,"column":6},"end":{"line":32,"column":7}},"type":"if","locations":[{"start":{"line":30,"column":6},"end":{"line":32,"column":7}},{"start":{"line":30,"column":6},"end":{"line":32,"column":7}}],"line":30},"5":{"loc":{"start":{"line":30,"column":10},"end":{"line":30,"column":47}},"type":"binary-expr","locations":[{"start":{"line":30,"column":10},"end":{"line":30,"column":26}},{"start":{"line":30,"column":30},"end":{"line":30,"column":47}}],"line":30},"6":{"loc":{"start":{"line":33,"column":6},"end":{"line":35,"column":7}},"type":"if","locations":[{"start":{"line":33,"column":6},"end":{"line":35,"column":7}},{"start":{"line":33,"column":6},"end":{"line":35,"column":7}}],"line":33},"7":{"loc":{"start":{"line":33,"column":10},"end":{"line":33,"column":46}},"type":"binary-expr","locations":[{"start":{"line":33,"column":10},"end":{"line":33,"column":25}},{"start":{"line":33,"column":29},"end":{"line":33,"column":46}}],"line":33},"8":{"loc":{"start":{"line":38,"column":2},"end":{"line":40,"column":3}},"type":"if","locations":[{"start":{"line":38,"column":2},"end":{"line":40,"column":3}},{"start":{"line":38,"column":2},"end":{"line":40,"column":3}}],"line":38},"9":{"loc":{"start":{"line":48,"column":2},"end":{"line":50,"column":3}},"type":"if","locations":[{"start":{"line":48,"column":2},"end":{"line":50,"column":3}},{"start":{"line":48,"column":2},"end":{"line":50,"column":3}}],"line":48},"10":{"loc":{"start":{"line":52,"column":2},"end":{"line":54,"column":3}},"type":"if","locations":[{"start":{"line":52,"column":2},"end":{"line":54,"column":3}},{"start":{"line":52,"column":2},"end":{"line":54,"column":3}}],"line":52},"11":{"loc":{"start":{"line":52,"column":6},"end":{"line":52,"column":41}},"type":"binary-expr","locations":[{"start":{"line":52,"column":6},"end":{"line":52,"column":21}},{"start":{"line":52,"column":25},"end":{"line":52,"column":41}}],"line":52},"12":{"loc":{"start":{"line":60,"column":14},"end":{"line":60,"column":22}},"type":"default-arg","locations":[{"start":{"line":60,"column":20},"end":{"line":60,"column":22}}],"line":60},"13":{"loc":{"start":{"line":66,"column":6},"end":{"line":79,"column":7}},"type":"switch","locations":[{"start":{"line":67,"column":8},"end":{"line":69,"column":19}},{"start":{"line":70,"column":8},"end":{"line":72,"column":19}},{"start":{"line":73,"column":8},"end":{"line":75,"column":19}},{"start":{"line":76,"column":8},"end":{"line":78,"column":19}}],"line":66}},"s":{"0":10,"1":10,"2":10,"3":1,"4":2,"5":2,"6":2,"7":2,"8":1,"9":5,"10":5,"11":5,"12":4,"13":5,"14":3,"15":5,"16":5,"17":1,"18":2,"19":1,"20":2,"21":2,"22":1,"23":10,"24":10,"25":10,"26":2,"27":2,"28":1,"29":1,"30":5,"31":5,"32":2,"33":2,"34":10,"35":1},"f":{"0":10,"1":2,"2":5,"3":1,"4":2,"5":10,"6":10},"b":{"0":[2,0],"1":[1,1],"2":[2,1],"3":[5,0],"4":[4,1],"5":[5,4],"6":[3,2],"7":[5,3],"8":[1,4],"9":[1,1],"10":[1,1],"11":[2,1],"12":[0],"13":[2,1,5,2]},"_coverageSchema":"43e27e138ebf9cfc5966b082cf9a028302ed4184","hash":"2d9c5a43f6a6f4c40e973058289d0b34c35a457f"}
}
