TN:
SF:/Users/dcyari/GildedRose-Refactoring-Kata/js-jest/src/gilded_rose.js
FN:2,(anonymous_0)
FN:17,updateBrie
FN:27,updatePass
FN:43,updateHand
FN:47,updateNormal
FN:60,(anonymous_5)
FN:63,(anonymous_6)
FNF:7
FNH:7
FNDA:10,(anonymous_0)
FNDA:2,updateBrie
FNDA:5,updatePass
FNDA:1,updateHand
FNDA:2,updateNormal
FNDA:10,(anonymous_5)
FNDA:10,(anonymous_6)
DA:3,10
DA:4,10
DA:5,10
DA:10,1
DA:18,2
DA:19,2
DA:21,2
DA:22,2
DA:23,1
DA:28,5
DA:29,5
DA:30,5
DA:31,4
DA:33,5
DA:34,3
DA:37,5
DA:38,5
DA:39,1
DA:48,2
DA:49,1
DA:51,2
DA:52,2
DA:53,1
DA:61,10
DA:64,10
DA:66,10
DA:68,2
DA:69,2
DA:71,1
DA:72,1
DA:74,5
DA:75,5
DA:77,2
DA:78,2
DA:82,10
DA:87,1
LF:36
LH:36
BRDA:18,0,0,2
BRDA:18,0,1,0
BRDA:22,1,0,1
BRDA:22,1,1,1
BRDA:22,2,0,2
BRDA:22,2,1,1
BRDA:28,3,0,5
BRDA:28,3,1,0
BRDA:30,4,0,4
BRDA:30,4,1,1
BRDA:30,5,0,5
BRDA:30,5,1,4
BRDA:33,6,0,3
BRDA:33,6,1,2
BRDA:33,7,0,5
BRDA:33,7,1,3
BRDA:38,8,0,1
BRDA:38,8,1,4
BRDA:48,9,0,1
BRDA:48,9,1,1
BRDA:52,10,0,1
BRDA:52,10,1,1
BRDA:52,11,0,2
BRDA:52,11,1,1
BRDA:60,12,0,0
BRDA:66,13,0,2
BRDA:66,13,1,1
BRDA:66,13,2,5
BRDA:66,13,3,2
BRF:29
BRH:26
end_of_record
